<?xml version="1.0" encoding="UTF-8"?>
<!-- Generated by org.testng.reporters.JUnitReportReporter -->
<testsuite hostname="DESKTOP-JCSH58D" failures="0" tests="1" name="day2.CookiesSample" time="4.556" errors="0" timestamp="2024-11-26T12:00:04 IST" skipped="0">
  <testcase classname="day2.CookiesSample" name="getCookie" time="4.556"/>
</testsuite> <!-- day2.CookiesSample -->
