<?xml version="1.0" encoding="UTF-8"?>
<!-- Generated by org.testng.reporters.JUnitReportReporter -->
<testsuite hostname="DESKTOP-JCSH58D" failures="0" tests="1" name="day1.PostRequest" time="3.862" errors="0" timestamp="2024-11-25T13:44:20 IST" skipped="0">
  <testcase classname="day1.PostRequest" name="postJsonFile" time="3.862"/>
</testsuite> <!-- day1.PostRequest -->
