<?xml version="1.0" encoding="UTF-8"?>
<!-- Generated by org.testng.reporters.JUnitReportReporter -->
<testsuite hostname="DESKTOP-JCSH58D" failures="0" tests="4" name="day1.HttpRequest" time="7.391" errors="0" timestamp="2024-11-25T13:19:47 IST" skipped="1">
  <testcase classname="day1.HttpRequest" name="postUser" time="6.379"/>
  <testcase classname="day1.HttpRequest" name="putUser" time="0.554"/>
  <testcase classname="day1.HttpRequest" name="deleteUser" time="0.458"/>
  <testcase classname="day1.HttpRequest" name="getUser">
    <skipped/>
  </testcase> <!-- getUser -->
</testsuite> <!-- day1.HttpRequest -->
