<?xml version="1.0" encoding="UTF-8"?>
<!-- Generated by org.testng.reporters.JUnitReportReporter -->
<testsuite hostname="DESKTOP-JCSH58D" failures="0" tests="1" name="day2.HeaderSample" time="4.197" errors="0" timestamp="2024-11-26T12:19:52 IST" skipped="0">
  <testcase classname="day2.HeaderSample" name="getHeaderInfo" time="4.197"/>
</testsuite> <!-- day2.HeaderSample -->
