<?xml version="1.0" encoding="UTF-8"?>
<!-- Generated by org.testng.reporters.JUnitReportReporter -->
<testsuite hostname="DESKTOP-JCSH58D" failures="0" tests="1" name="day2.ValidateJsonResponse" time="2.982" errors="0" timestamp="2024-11-26T13:09:01 IST" skipped="0">
  <testcase classname="day2.ValidateJsonResponse" name="jsonPathResponse" time="2.982"/>
</testsuite> <!-- day2.ValidateJsonResponse -->
